<?xml version="1.0" encoding="UTF-8"?>
<testsuite name="agh.ics.oop.AnimalTest" tests="2" skipped="0" failures="0" errors="0" timestamp="2021-12-12T20:57:48" hostname="Dell-rafi" time="0.022">
  <properties/>
  <testcase name="testMoveDirection()" classname="agh.ics.oop.AnimalTest" time="0.019"/>
  <testcase name="testToString()" classname="agh.ics.oop.AnimalTest" time="0.002"/>
  <system-out><![CDATA[(2, 2)
(2, 2)
(2, 2)
(2, 2)
]]></system-out>
  <system-err><![CDATA[]]></system-err>
</testsuite>
